<?xml version="1.0" encoding="UTF-8" ?>
<beans xmlns="http://www.springframework.org/schema/beans" 
	xmlns:xsi="http://www.w3.org/2001/XMLSchema-instance" 
	xmlns:p="http://www.springframework.org/schema/p" 
	xmlns:mvc="http://www.springframework.org/schema/mvc" 
	xmlns:context="http://www.springframework.org/schema/context" 
	xsi:schemaLocation="
		http://www.springframework.org/schema/beans 
		http://www.springframework.org/schema/beans/spring-beans-3.2.xsd 
		http://www.springframework.org/schema/mvc 
		http://www.springframework.org/schema/mvc/spring-mvc-3.2.xsd 
		http://www.springframework.org/schema/context 
		http://www.springframework.org/schema/context/spring-context-3.2.xsd">
       
	<context:component-scan base-package="train.springmvc.controller" />
	
	<mvc:annotation-driven />
	
	<bean id="freeMarkerConfigurer" class="org.springframework.web.servlet.view.freemarker.FreeMarkerConfigurer" 
		p:templateLoaderPath="/WEB-INF/ftl" 
		p:defaultEncoding="UTF-8">
		<property name="freemarkerSettings">
			<props>
				<prop key="classic_compatible">true</prop>
				<prop key="template_update_delay">0</prop>
				<prop key="default_encoding">UTF-8</prop>
				<prop key="locale">zh_CN</prop>
			</props>
		</property>
	</bean>
	
	<bean id="viewResolver" class="org.springframework.web.servlet.view.freemarker.FreeMarkerViewResolver" 
		p:order="1" 
		p:suffix=".ftl" 
		p:contentType="text/html; charset=UTF-8" />


	<!-- 使用locale参数作为国际化的改变 -->
	<bean id="localeResolver" class="org.springframework.web.servlet.i18n.CookieLocaleResolver" />
	<!-- or : <bean id="localeResolver" class="org.springframework.web.servlet.i18n.SessionLocaleResolver" /> -->
		
	<!-- 国际化（cacheSeconds：刷新资源文件的周期，单位：秒） -->
	<bean id="messageSource" class="org.springframework.context.support.ResourceBundleMessageSource"
		p:basename="i18n" 
		p:cacheSeconds="5" />
</beans>
